2023-01-17 01:05:51,614 INFO - Connected to the server: 127.0.0.1:8000
2023-01-17 01:05:51,730 INFO - Read request sent...
2023-01-17 01:05:51,877 INFO - Read request completed successfully...
2023-01-17 01:06:09,834 INFO - Entry: (f12b2a80aeb7 | 1 | 1 | 1 | hhj | 1 | 1) updated successfully...
2023-01-17 01:06:09,919 INFO - Read request sent...
2023-01-17 01:06:09,922 INFO - Read request completed successfully...
2023-01-17 01:06:15,904 INFO - Read request sent...
2023-01-17 01:06:15,926 INFO - Read request completed successfully...
2023-01-17 01:06:25,516 INFO - Read request sent...
2023-01-17 01:06:25,521 INFO - Read request completed successfully...
2023-01-17 01:06:51,697 INFO - Read request sent...
2023-01-17 01:06:51,702 INFO - Read request completed successfully...
2023-01-17 01:06:56,884 INFO - Entry: (f12b2a80aeb7 | 1 | 1 | 1 | hhj | 1 | 1) deleted successfully...
2023-01-17 01:06:56,985 INFO - Read request sent...
2023-01-17 01:06:56,989 INFO - Read request completed successfully...
2023-01-17 01:11:23,323 INFO - Connected to the server: 127.0.0.1:8000
2023-01-17 01:11:23,432 INFO - Read request sent...
2023-01-17 01:11:23,433 ERROR - Response wasn't received... java.net.SocketException: Программа на вашем хост-компьютере разорвала установленное подключение
2023-01-17 01:11:23,434 INFO - Read request completed successfully...
2023-01-17 01:11:40,154 INFO - Connected to the server: 127.0.0.1:8000
2023-01-17 01:11:40,270 INFO - Read request sent...
2023-01-17 01:11:40,272 ERROR - Response wasn't received... java.net.SocketException: Программа на вашем хост-компьютере разорвала установленное подключение
2023-01-17 01:11:40,272 INFO - Read request completed successfully...
2023-01-17 01:13:14,876 INFO - Connected to the server: 127.0.0.1:8000
2023-01-17 01:13:14,985 INFO - Read request sent...
2023-01-17 01:13:15,123 INFO - Read request completed successfully...
2023-01-17 01:13:35,640 INFO - Connected to the server: 127.0.0.1:8000
2023-01-17 01:13:35,751 INFO - Read request sent...
2023-01-17 01:13:35,752 ERROR - Response wasn't received... java.net.SocketException: Программа на вашем хост-компьютере разорвала установленное подключение
2023-01-17 01:13:35,752 INFO - Read request completed successfully...
2023-01-17 01:14:11,083 INFO - Connected to the server: 127.0.0.1:8000
2023-01-17 01:14:11,192 INFO - Read request sent...
2023-01-17 01:14:11,317 INFO - Read request completed successfully...
2023-01-17 01:15:10,631 INFO - Entry: (395a28e7a357 | AJ89 | Osadchuk Helen | Apartment | Paris | 100 | 05.05.2020) updated successfully...
2023-01-17 01:15:10,713 INFO - Read request sent...
2023-01-17 01:15:10,720 INFO - Read request completed successfully...
2023-01-17 01:17:07,053 INFO - Entry: (65fc9ba9acfb | BR7Y | Likhacheva Irina | House | Sochi | 160 | 03.05.2014) created successfully...
2023-01-17 01:17:07,154 INFO - Read request sent...
2023-01-17 01:17:07,160 INFO - Read request completed successfully...
2023-01-17 01:20:58,711 INFO - Entry: (320be9adfab3 | EV9E | Vikhlyaeva | Land | Havana | 258 | 07.07.2007) created successfully...
2023-01-17 01:20:58,812 INFO - Read request sent...
2023-01-17 01:20:58,817 INFO - Read request completed successfully...
